INFO 2022-01-04 17:27:35 FaceDetModelLoader.py: 16] Start to analyze the face detection model, model path: models, model category: face_detection，model name: face_detection_1.0
INFO 2022-01-04 17:27:35 BaseModelLoader.py: 37] Successfully parsed the model configuration file meta.json!
INFO 2022-01-04 17:27:35 FaceDetModelLoader.py: 35] Successfully loaded the face detection model!
INFO 2022-01-04 17:27:35 FaceAlignModelLoader.py: 16] Start to analyze the face landmark model, model path: models, model category: face_alignment，model name: face_alignment_1.0
INFO 2022-01-04 17:27:35 BaseModelLoader.py: 37] Successfully parsed the model configuration file meta.json!
INFO 2022-01-04 17:27:35 FaceAlignModelLoader.py: 28] Successfully loaded the face landmark model!
INFO 2022-01-04 17:27:35 FaceRecModelLoader.py: 17] Start to analyze the face recognition model, model path: models, model category: face_recognition，model name: face_recognition_1.0
INFO 2022-01-04 17:27:35 BaseModelLoader.py: 37] Successfully parsed the model configuration file meta.json!
INFO 2022-01-04 17:27:35 FaceRecModelLoader.py: 31] Successfully loaded the face recognition model!
INFO 2022-01-05 08:31:25 FaceDetModelLoader.py: 16] Start to analyze the face detection model, model path: models, model category: face_detection，model name: face_detection_1.0
INFO 2022-01-05 08:31:25 BaseModelLoader.py: 37] Successfully parsed the model configuration file meta.json!
INFO 2022-01-05 08:31:25 FaceDetModelLoader.py: 35] Successfully loaded the face detection model!
INFO 2022-01-05 08:31:25 FaceAlignModelLoader.py: 16] Start to analyze the face landmark model, model path: models, model category: face_alignment，model name: face_alignment_1.0
INFO 2022-01-05 08:31:25 BaseModelLoader.py: 37] Successfully parsed the model configuration file meta.json!
INFO 2022-01-05 08:31:25 FaceAlignModelLoader.py: 28] Successfully loaded the face landmark model!
INFO 2022-01-05 08:31:25 FaceRecModelLoader.py: 17] Start to analyze the face recognition model, model path: models, model category: face_recognition，model name: face_recognition_1.0
INFO 2022-01-05 08:31:25 BaseModelLoader.py: 37] Successfully parsed the model configuration file meta.json!
INFO 2022-01-05 08:31:25 FaceRecModelLoader.py: 31] Successfully loaded the face recognition model!
INFO 2022-01-05 12:38:34 FaceDetModelLoader.py: 16] Start to analyze the face detection model, model path: models, model category: face_detection，model name: face_detection_1.0
INFO 2022-01-05 12:38:34 BaseModelLoader.py: 37] Successfully parsed the model configuration file meta.json!
INFO 2022-01-05 12:38:34 FaceDetModelLoader.py: 35] Successfully loaded the face detection model!
INFO 2022-01-05 12:38:34 FaceAlignModelLoader.py: 16] Start to analyze the face landmark model, model path: models, model category: face_alignment，model name: face_alignment_1.0
INFO 2022-01-05 12:38:34 BaseModelLoader.py: 37] Successfully parsed the model configuration file meta.json!
INFO 2022-01-05 12:38:34 FaceAlignModelLoader.py: 28] Successfully loaded the face landmark model!
INFO 2022-01-05 12:38:34 FaceRecModelLoader.py: 17] Start to analyze the face recognition model, model path: models, model category: face_recognition，model name: face_recognition_1.0
INFO 2022-01-05 12:38:34 BaseModelLoader.py: 37] Successfully parsed the model configuration file meta.json!
INFO 2022-01-05 12:38:34 FaceRecModelLoader.py: 31] Successfully loaded the face recognition model!
INFO 2022-01-05 12:38:44 FaceDetModelLoader.py: 16] Start to analyze the face detection model, model path: models, model category: face_detection，model name: face_detection_1.0
INFO 2022-01-05 12:38:44 BaseModelLoader.py: 37] Successfully parsed the model configuration file meta.json!
INFO 2022-01-05 12:38:44 FaceDetModelLoader.py: 35] Successfully loaded the face detection model!
INFO 2022-01-05 12:38:44 FaceAlignModelLoader.py: 16] Start to analyze the face landmark model, model path: models, model category: face_alignment，model name: face_alignment_1.0
INFO 2022-01-05 12:38:44 BaseModelLoader.py: 37] Successfully parsed the model configuration file meta.json!
INFO 2022-01-05 12:38:44 FaceAlignModelLoader.py: 28] Successfully loaded the face landmark model!
INFO 2022-01-05 12:38:44 FaceRecModelLoader.py: 17] Start to analyze the face recognition model, model path: models, model category: face_recognition，model name: face_recognition_1.0
INFO 2022-01-05 12:38:44 BaseModelLoader.py: 37] Successfully parsed the model configuration file meta.json!
INFO 2022-01-05 12:38:44 FaceRecModelLoader.py: 31] Successfully loaded the face recognition model!
