INFO 2022-01-04 16:44:51 BaseModelLoader.py: 37] Successfully parsed the model configuration file meta.json!
INFO 2022-01-04 16:44:51 FaceAlignModelLoader.py: 28] Successfully loaded the face landmark model!
INFO 2022-01-04 16:44:51 FaceRecModelLoader.py: 17] Start to analyze the face recognition model, model path: models, model category: face_recognition，model name: face_recognition_1.0
INFO 2022-01-04 16:44:51 BaseModelLoader.py: 37] Successfully parsed the model configuration file meta.json!
INFO 2022-01-04 16:44:51 FaceRecModelLoader.py: 31] Successfully loaded the face recognition model!
INFO 2022-01-04 16:46:17 FaceDetModelLoader.py: 16] Start to analyze the face detection model, model path: models, model category: face_detection，model name: face_detection_1.0
INFO 2022-01-04 16:46:17 BaseModelLoader.py: 37] Successfully parsed the model configuration file meta.json!
INFO 2022-01-04 16:46:17 FaceDetModelLoader.py: 35] Successfully loaded the face detection model!
INFO 2022-01-04 16:46:17 FaceAlignModelLoader.py: 16] Start to analyze the face landmark model, model path: models, model category: face_alignment，model name: face_alignment_1.0
INFO 2022-01-04 16:46:17 BaseModelLoader.py: 37] Successfully parsed the model configuration file meta.json!
INFO 2022-01-04 16:46:17 FaceAlignModelLoader.py: 28] Successfully loaded the face landmark model!
INFO 2022-01-04 16:46:18 FaceRecModelLoader.py: 17] Start to analyze the face recognition model, model path: models, model category: face_recognition，model name: face_recognition_1.0
INFO 2022-01-04 16:46:18 BaseModelLoader.py: 37] Successfully parsed the model configuration file meta.json!
INFO 2022-01-04 16:46:18 FaceRecModelLoader.py: 31] Successfully loaded the face recognition model!
INFO 2022-01-04 16:47:19 FaceDetModelLoader.py: 16] Start to analyze the face detection model, model path: models, model category: face_detection，model name: face_detection_1.0
INFO 2022-01-04 16:47:19 BaseModelLoader.py: 37] Successfully parsed the model configuration file meta.json!
INFO 2022-01-04 16:47:19 FaceDetModelLoader.py: 35] Successfully loaded the face detection model!
INFO 2022-01-04 16:47:20 FaceAlignModelLoader.py: 16] Start to analyze the face landmark model, model path: models, model category: face_alignment，model name: face_alignment_1.0
INFO 2022-01-04 16:47:20 BaseModelLoader.py: 37] Successfully parsed the model configuration file meta.json!
INFO 2022-01-04 16:47:20 FaceAlignModelLoader.py: 28] Successfully loaded the face landmark model!
INFO 2022-01-04 16:47:20 FaceRecModelLoader.py: 17] Start to analyze the face recognition model, model path: models, model category: face_recognition，model name: face_recognition_1.0
INFO 2022-01-04 16:47:20 BaseModelLoader.py: 37] Successfully parsed the model configuration file meta.json!
INFO 2022-01-04 16:47:20 FaceRecModelLoader.py: 31] Successfully loaded the face recognition model!
INFO 2022-01-04 16:47:28 FaceDetModelLoader.py: 16] Start to analyze the face detection model, model path: models, model category: face_detection，model name: face_detection_1.0
INFO 2022-01-04 16:47:28 BaseModelLoader.py: 37] Successfully parsed the model configuration file meta.json!
INFO 2022-01-04 16:47:28 FaceDetModelLoader.py: 35] Successfully loaded the face detection model!
INFO 2022-01-04 16:47:29 FaceAlignModelLoader.py: 16] Start to analyze the face landmark model, model path: models, model category: face_alignment，model name: face_alignment_1.0
INFO 2022-01-04 16:47:29 BaseModelLoader.py: 37] Successfully parsed the model configuration file meta.json!
INFO 2022-01-04 16:47:29 FaceAlignModelLoader.py: 28] Successfully loaded the face landmark model!
INFO 2022-01-04 16:47:29 FaceRecModelLoader.py: 17] Start to analyze the face recognition model, model path: models, model category: face_recognition，model name: face_recognition_1.0
INFO 2022-01-04 16:47:29 BaseModelLoader.py: 37] Successfully parsed the model configuration file meta.json!
INFO 2022-01-04 16:47:29 FaceRecModelLoader.py: 31] Successfully loaded the face recognition model!
INFO 2022-01-04 16:48:13 FaceDetModelLoader.py: 16] Start to analyze the face detection model, model path: models, model category: face_detection，model name: face_detection_1.0
INFO 2022-01-04 16:48:13 BaseModelLoader.py: 37] Successfully parsed the model configuration file meta.json!
INFO 2022-01-04 16:48:13 FaceDetModelLoader.py: 35] Successfully loaded the face detection model!
INFO 2022-01-04 16:48:13 FaceAlignModelLoader.py: 16] Start to analyze the face landmark model, model path: models, model category: face_alignment，model name: face_alignment_1.0
INFO 2022-01-04 16:48:13 BaseModelLoader.py: 37] Successfully parsed the model configuration file meta.json!
INFO 2022-01-04 16:48:13 FaceAlignModelLoader.py: 28] Successfully loaded the face landmark model!
INFO 2022-01-04 16:48:13 FaceRecModelLoader.py: 17] Start to analyze the face recognition model, model path: models, model category: face_recognition，model name: face_recognition_1.0
INFO 2022-01-04 16:48:13 BaseModelLoader.py: 37] Successfully parsed the model configuration file meta.json!
INFO 2022-01-04 16:48:13 FaceRecModelLoader.py: 31] Successfully loaded the face recognition model!
INFO 2022-01-04 17:10:09 FaceDetModelLoader.py: 16] Start to analyze the face detection model, model path: models, model category: face_detection，model name: face_detection_1.0
INFO 2022-01-04 17:10:09 BaseModelLoader.py: 37] Successfully parsed the model configuration file meta.json!
INFO 2022-01-04 17:10:09 FaceDetModelLoader.py: 35] Successfully loaded the face detection model!
INFO 2022-01-04 17:10:10 FaceAlignModelLoader.py: 16] Start to analyze the face landmark model, model path: models, model category: face_alignment，model name: face_alignment_1.0
INFO 2022-01-04 17:10:10 BaseModelLoader.py: 37] Successfully parsed the model configuration file meta.json!
INFO 2022-01-04 17:10:10 FaceAlignModelLoader.py: 28] Successfully loaded the face landmark model!
INFO 2022-01-04 17:10:10 FaceRecModelLoader.py: 17] Start to analyze the face recognition model, model path: models, model category: face_recognition，model name: face_recognition_1.0
INFO 2022-01-04 17:10:10 BaseModelLoader.py: 37] Successfully parsed the model configuration file meta.json!
INFO 2022-01-04 17:10:10 FaceRecModelLoader.py: 31] Successfully loaded the face recognition model!
INFO 2022-01-04 17:11:14 FaceDetModelLoader.py: 16] Start to analyze the face detection model, model path: models, model category: face_detection，model name: face_detection_1.0
INFO 2022-01-04 17:11:14 BaseModelLoader.py: 37] Successfully parsed the model configuration file meta.json!
INFO 2022-01-04 17:11:14 FaceDetModelLoader.py: 35] Successfully loaded the face detection model!
INFO 2022-01-04 17:11:14 FaceAlignModelLoader.py: 16] Start to analyze the face landmark model, model path: models, model category: face_alignment，model name: face_alignment_1.0
INFO 2022-01-04 17:11:14 BaseModelLoader.py: 37] Successfully parsed the model configuration file meta.json!
INFO 2022-01-04 17:11:14 FaceAlignModelLoader.py: 28] Successfully loaded the face landmark model!
INFO 2022-01-04 17:11:14 FaceRecModelLoader.py: 17] Start to analyze the face recognition model, model path: models, model category: face_recognition，model name: face_recognition_1.0
INFO 2022-01-04 17:11:14 BaseModelLoader.py: 37] Successfully parsed the model configuration file meta.json!
INFO 2022-01-04 17:11:14 FaceRecModelLoader.py: 31] Successfully loaded the face recognition model!
INFO 2022-01-04 17:19:25 FaceDetModelLoader.py: 16] Start to analyze the face detection model, model path: models, model category: face_detection，model name: face_detection_1.0
INFO 2022-01-04 17:19:25 BaseModelLoader.py: 37] Successfully parsed the model configuration file meta.json!
INFO 2022-01-04 17:19:25 FaceDetModelLoader.py: 35] Successfully loaded the face detection model!
INFO 2022-01-04 17:19:26 FaceAlignModelLoader.py: 16] Start to analyze the face landmark model, model path: models, model category: face_alignment，model name: face_alignment_1.0
INFO 2022-01-04 17:19:26 BaseModelLoader.py: 37] Successfully parsed the model configuration file meta.json!
INFO 2022-01-04 17:19:26 FaceAlignModelLoader.py: 28] Successfully loaded the face landmark model!
INFO 2022-01-04 17:19:26 FaceRecModelLoader.py: 17] Start to analyze the face recognition model, model path: models, model category: face_recognition，model name: face_recognition_1.0
INFO 2022-01-04 17:19:26 BaseModelLoader.py: 37] Successfully parsed the model configuration file meta.json!
INFO 2022-01-04 17:19:26 FaceRecModelLoader.py: 31] Successfully loaded the face recognition model!
INFO 2022-01-04 17:19:36 FaceDetModelLoader.py: 16] Start to analyze the face detection model, model path: models, model category: face_detection，model name: face_detection_2.0
INFO 2022-01-04 17:19:36 BaseModelLoader.py: 37] Successfully parsed the model configuration file meta.json!
INFO 2022-01-04 17:19:36 FaceDetModelLoader.py: 35] Successfully loaded the face detection model!
INFO 2022-01-04 17:19:36 FaceAlignModelLoader.py: 16] Start to analyze the face landmark model, model path: models, model category: face_alignment，model name: face_alignment_2.0
INFO 2022-01-04 17:19:36 BaseModelLoader.py: 37] Successfully parsed the model configuration file meta.json!
INFO 2022-01-04 17:19:36 FaceAlignModelLoader.py: 28] Successfully loaded the face landmark model!
INFO 2022-01-04 17:19:36 FaceRecModelLoader.py: 17] Start to analyze the face recognition model, model path: models, model category: face_recognition，model name: face_recognition_2.0
INFO 2022-01-04 17:19:36 BaseModelLoader.py: 37] Successfully parsed the model configuration file meta.json!
